build/outputs/logs/manifest-merger-release-report.txt
-- Merging decision tree log ---
manifest
ADDED from VzwSipService_app_apps_VzwSipService_8.00_and6.0.1_M80/VzwSipService/AndroidManifest.xml:1:1-17:12
	package
		ADDED from VzwSipService_app_apps_VzwSipService_8.00_and6.0.1_M80/VzwSipService/AndroidManifest.xml:2:5-36
		INJECTED from VzwSipService_app_apps_VzwSipService_8.00_and6.0.1_M80/VzwSipService/AndroidManifest.xml
		INJECTED from VzwSipService_app_apps_VzwSipService_8.00_and6.0.1_M80/VzwSipService/AndroidManifest.xml
	android:versionName
		ADDED from VzwSipService_app_apps_VzwSipService_8.00_and6.0.1_M80/VzwSipService/AndroidManifest.xml:4:5-30
		INJECTED from VzwSipService_app_apps_VzwSipService_8.00_and6.0.1_M80/VzwSipService/AndroidManifest.xml
		INJECTED from VzwSipService_app_apps_VzwSipService_8.00_and6.0.1_M80/VzwSipService/AndroidManifest.xml
	android:versionCode
		ADDED from VzwSipService_app_apps_VzwSipService_8.00_and6.0.1_M80/VzwSipService/AndroidManifest.xml:3:5-28
		INJECTED from VzwSipService_app_apps_VzwSipService_8.00_and6.0.1_M80/VzwSipService/AndroidManifest.xml
		INJECTED from VzwSipService_app_apps_VzwSipService_8.00_and6.0.1_M80/VzwSipService/AndroidManifest.xml
	xmlns:android
		ADDED from VzwSipService_app_apps_VzwSipService_8.00_and6.0.1_M80/VzwSipService/AndroidManifest.xml:1:11-69
uses-sdk
ADDED from VzwSipService_app_apps_VzwSipService_8.00_and6.0.1_M80/VzwSipService/AndroidManifest.xml:6:5-8:41
MERGED from [com.android.support:appcompat-v7:23.3.0] AndroidManifest.xml:21:5-23:78
MERGED from [com.android.support:support-vector-drawable:23.3.0] AndroidManifest.xml:5:5-43
MERGED from [com.android.support:support-v4:23.3.0] AndroidManifest.xml:20:5-43
MERGED from [com.android.support:animated-vector-drawable:23.3.0] AndroidManifest.xml:5:5-44
MERGED from [com.android.support:support-vector-drawable:23.3.0] AndroidManifest.xml:5:5-43
MERGED from [com.android.support:support-v4:23.3.0] AndroidManifest.xml:20:5-43
MERGED from [com.android.support:support-v4:23.3.0] AndroidManifest.xml:20:5-43
	tools:overrideLibrary
		ADDED from [com.android.support:appcompat-v7:23.3.0] AndroidManifest.xml:23:9-75
	android:targetSdkVersion
		ADDED from VzwSipService_app_apps_VzwSipService_8.00_and6.0.1_M80/VzwSipService/AndroidManifest.xml:8:9-38
		INJECTED from VzwSipService_app_apps_VzwSipService_8.00_and6.0.1_M80/VzwSipService/AndroidManifest.xml
		INJECTED from VzwSipService_app_apps_VzwSipService_8.00_and6.0.1_M80/VzwSipService/AndroidManifest.xml
	android:minSdkVersion
		ADDED from VzwSipService_app_apps_VzwSipService_8.00_and6.0.1_M80/VzwSipService/AndroidManifest.xml:7:9-35
		INJECTED from VzwSipService_app_apps_VzwSipService_8.00_and6.0.1_M80/VzwSipService/AndroidManifest.xml
		INJECTED from VzwSipService_app_apps_VzwSipService_8.00_and6.0.1_M80/VzwSipService/AndroidManifest.xml
application
ADDED from VzwSipService_app_apps_VzwSipService_8.00_and6.0.1_M80/VzwSipService/AndroidManifest.xml:10:5-15:19
MERGED from [com.android.support:appcompat-v7:23.3.0] AndroidManifest.xml:25:5-20
MERGED from [com.android.support:support-vector-drawable:23.3.0] AndroidManifest.xml:7:5-20
MERGED from [com.android.support:support-v4:23.3.0] AndroidManifest.xml:22:5-20
MERGED from [com.android.support:animated-vector-drawable:23.3.0] AndroidManifest.xml:7:5-20
MERGED from [com.android.support:support-vector-drawable:23.3.0] AndroidManifest.xml:7:5-20
MERGED from [com.android.support:support-v4:23.3.0] AndroidManifest.xml:22:5-20
MERGED from [com.android.support:support-v4:23.3.0] AndroidManifest.xml:22:5-20
	android:label
		ADDED from VzwSipService_app_apps_VzwSipService_8.00_and6.0.1_M80/VzwSipService/AndroidManifest.xml:13:9-41
	android:allowBackup
		ADDED from VzwSipService_app_apps_VzwSipService_8.00_and6.0.1_M80/VzwSipService/AndroidManifest.xml:11:9-35
	android:icon
		ADDED from VzwSipService_app_apps_VzwSipService_8.00_and6.0.1_M80/VzwSipService/AndroidManifest.xml:12:9-45
	android:theme
		ADDED from VzwSipService_app_apps_VzwSipService_8.00_and6.0.1_M80/VzwSipService/AndroidManifest.xml:14:9-40